<pre style="display: inline-block; background-color: #4d4d4d; color: white; padding: 20px; text-shadow: 1px 1px 0 #444; min-width: 100%; height: auto; min-height: 100%;">.........Console Logs.........

â†“-----------------------SET AUTOMATED TESTING CHANNELS-----------------------â†“
Status :>> 200
Data :>> true
â†‘-----------------------SET AUTOMATED TESTING CHANNELS-----------------------â†‘

Created user :>>  {
  sector: { numberOfSectors: 3 },
  companyName: 'Company EIoTBSZE',
  firstName: 'AQA-CI-jhgMN-661-U-Empl-MpzEY',
  lastName: '33999',
  email: 'AQA-CI-jhgMN-661-U-Empl-MpzEY@test.com',
  phoneNumber: '+380 96 988 4153',
  pwd: 'AQA-CI-jhgMN-661-U-Empl-MpzEY',
  repeatPwd: 'AQA-CI-jhgMN-661-U-Empl-MpzEY',
  terms: true
}

Project data :>>  {
  visibility: undefined,
  description: "Lorem Ipsum is simply dummy text of the printing and typesetting industry. Lorem Ipsum has been the industry's standard dummy text ever since the 1500s, when an unknown printer took a galley of type and scrambled it to make a type specimen book. It has survived not only five centuries, but also the leap into electronic typesetting, remaining essentially unchanged. It was popularised in the 1960s with the release of Letraset sheets containing Lorem Ipsum passages, and more recently with desktop publishing software like Aldus PageMaker including versions of Lorem Ipsum.",
  skills: [ 'PHP', 'SEO' ],
  confirmTerms: undefined,
  budget: {
    name: 'â‚¬75 - â‚¬100 per hour',
    value: 'h75',
    index: 7,
    type: 'Hourly rate'
  },
  workOnLocation: {
    name: 'The project can be completed remotely',
    value: '4',
    index: 3
  },
  city: {},
  start: { type: 'In consultation' },
  end: { type: 'No fixed end date' },
  title: 'AQA-CI-jhgMN-661-P-MpzEY',
  category: { name: 'Graphic and Design', value: '4', index: 4 },
  subcategory: { name: 'Packaging Design', value: '530', index: 7 }
}
Create profile :>>  {
  country: 'Netherlands',
  zipCode: '1011',
  city: 'Amsterdam',
  website: undefined,
  picture: 'TestUser.jpg',
  description: "Lorem Ipsum is simply dummy text of the printing and typesetting industry. Lorem Ipsum has been the industry's standard dummy text ever since the 1500s, when an unknown printer took a galley of type and scrambled it to make a type specimen book. It has survived not only five centuries, but also the leap into electronic typesetting, remaining essentially unchanged. It was popularised in the 1960s with the release of Letraset sheets containing Lorem Ipsum passages, and more recently with desktop publishing software like Aldus PageMaker including versions of Lorem Ipsum."
}
successfully deleted ./screenshots/screenshotITdFgIs.png
Error: element ("input[name="chamberOfCommerce"]") still not existing after 10000ms
    at /home/runner/work/ProLinkerTesting/ProLinkerTesting/node_modules/@wdio/runner/node_modules/webdriverio/build/commands/browser/waitUntil.js:66:23
    at async Element.wrapCommandFn (/home/runner/work/ProLinkerTesting/ProLinkerTesting/node_modules/@wdio/utils/build/shim.js:137:29)
    at async Element.elementErrorHandlerCallbackFn (/home/runner/work/ProLinkerTesting/ProLinkerTesting/node_modules/@wdio/runner/node_modules/webdriverio/build/middlewares.js:24:32)
    at async Element.wrapCommandFn (/home/runner/work/ProLinkerTesting/ProLinkerTesting/node_modules/@wdio/utils/build/shim.js:137:29)
    at async Element.wrapCommandFn (/home/runner/work/ProLinkerTesting/ProLinkerTesting/node_modules/@wdio/utils/build/shim.js:137:29)
    at async Element.elementErrorHandlerCallbackFn (/home/runner/work/ProLinkerTesting/ProLinkerTesting/node_modules/@wdio/runner/node_modules/webdriverio/build/middlewares.js:24:32)
    at async Element.wrapCommandFn (/home/runner/work/ProLinkerTesting/ProLinkerTesting/node_modules/@wdio/utils/build/shim.js:137:29)
    at async OverviewPage.setValue (/home/runner/work/ProLinkerTesting/ProLinkerTesting/test/pageobjects/page.ts:271:9)
    at async OverviewPage.editOtherDetails (/home/runner/work/ProLinkerTesting/ProLinkerTesting/test/pageobjects/account/myProfile/overview.page.ts:596:13)
    at async OverviewPage.saveOtherDetails (/home/runner/work/ProLinkerTesting/ProLinkerTesting/test/pageobjects/account/myProfile/overview.page.ts:345:28)
successfully deleted ./screenshots/screenshotXZsblYP.png
Error: element ("input[name="chamberOfCommerce"]") still not existing after 10000ms
    at /home/runner/work/ProLinkerTesting/ProLinkerTesting/node_modules/@wdio/runner/node_modules/webdriverio/build/commands/browser/waitUntil.js:66:23
    at async Element.wrapCommandFn (/home/runner/work/ProLinkerTesting/ProLinkerTesting/node_modules/@wdio/utils/build/shim.js:137:29)
    at async Element.elementErrorHandlerCallbackFn (/home/runner/work/ProLinkerTesting/ProLinkerTesting/node_modules/@wdio/runner/node_modules/webdriverio/build/middlewares.js:24:32)
    at async Element.wrapCommandFn (/home/runner/work/ProLinkerTesting/ProLinkerTesting/node_modules/@wdio/utils/build/shim.js:137:29)
    at async Element.wrapCommandFn (/home/runner/work/ProLinkerTesting/ProLinkerTesting/node_modules/@wdio/utils/build/shim.js:137:29)
    at async Element.elementErrorHandlerCallbackFn (/home/runner/work/ProLinkerTesting/ProLinkerTesting/node_modules/@wdio/runner/node_modules/webdriverio/build/middlewares.js:24:32)
    at async Element.wrapCommandFn (/home/runner/work/ProLinkerTesting/ProLinkerTesting/node_modules/@wdio/utils/build/shim.js:137:29)
    at async OverviewPage.setValue (/home/runner/work/ProLinkerTesting/ProLinkerTesting/test/pageobjects/page.ts:271:9)
    at async OverviewPage.editOtherDetails (/home/runner/work/ProLinkerTesting/ProLinkerTesting/test/pageobjects/account/myProfile/overview.page.ts:596:13)
    at async OverviewPage.saveOtherDetails (/home/runner/work/ProLinkerTesting/ProLinkerTesting/test/pageobjects/account/myProfile/overview.page.ts:345:28)
successfully deleted ./screenshots/screenshotCVROjVF.png
Error: element ("input[name="chamberOfCommerce"]") still not existing after 10000ms
    at /home/runner/work/ProLinkerTesting/ProLinkerTesting/node_modules/@wdio/runner/node_modules/webdriverio/build/commands/browser/waitUntil.js:66:23
    at async Element.wrapCommandFn (/home/runner/work/ProLinkerTesting/ProLinkerTesting/node_modules/@wdio/utils/build/shim.js:137:29)
    at async Element.elementErrorHandlerCallbackFn (/home/runner/work/ProLinkerTesting/ProLinkerTesting/node_modules/@wdio/runner/node_modules/webdriverio/build/middlewares.js:24:32)
    at async Element.wrapCommandFn (/home/runner/work/ProLinkerTesting/ProLinkerTesting/node_modules/@wdio/utils/build/shim.js:137:29)
    at async Element.wrapCommandFn (/home/runner/work/ProLinkerTesting/ProLinkerTesting/node_modules/@wdio/utils/build/shim.js:137:29)
    at async Element.elementErrorHandlerCallbackFn (/home/runner/work/ProLinkerTesting/ProLinkerTesting/node_modules/@wdio/runner/node_modules/webdriverio/build/middlewares.js:24:32)
    at async Element.wrapCommandFn (/home/runner/work/ProLinkerTesting/ProLinkerTesting/node_modules/@wdio/utils/build/shim.js:137:29)
    at async OverviewPage.setValue (/home/runner/work/ProLinkerTesting/ProLinkerTesting/test/pageobjects/page.ts:271:9)
    at async OverviewPage.editOtherDetails (/home/runner/work/ProLinkerTesting/ProLinkerTesting/test/pageobjects/account/myProfile/overview.page.ts:596:13)
    at async OverviewPage.saveOtherDetails (/home/runner/work/ProLinkerTesting/ProLinkerTesting/test/pageobjects/account/myProfile/overview.page.ts:345:28)
successfully deleted ./screenshots/screenshotSIalpVZ.png
Error: element ("input[name="chamberOfCommerce"]") still not existing after 10000ms
    at /home/runner/work/ProLinkerTesting/ProLinkerTesting/node_modules/@wdio/runner/node_modules/webdriverio/build/commands/browser/waitUntil.js:66:23
    at async Element.wrapCommandFn (/home/runner/work/ProLinkerTesting/ProLinkerTesting/node_modules/@wdio/utils/build/shim.js:137:29)
    at async Element.elementErrorHandlerCallbackFn (/home/runner/work/ProLinkerTesting/ProLinkerTesting/node_modules/@wdio/runner/node_modules/webdriverio/build/middlewares.js:24:32)
    at async Element.wrapCommandFn (/home/runner/work/ProLinkerTesting/ProLinkerTesting/node_modules/@wdio/utils/build/shim.js:137:29)
    at async Element.wrapCommandFn (/home/runner/work/ProLinkerTesting/ProLinkerTesting/node_modules/@wdio/utils/build/shim.js:137:29)
    at async Element.elementErrorHandlerCallbackFn (/home/runner/work/ProLinkerTesting/ProLinkerTesting/node_modules/@wdio/runner/node_modules/webdriverio/build/middlewares.js:24:32)
    at async Element.wrapCommandFn (/home/runner/work/ProLinkerTesting/ProLinkerTesting/node_modules/@wdio/utils/build/shim.js:137:29)
    at async OverviewPage.setValue (/home/runner/work/ProLinkerTesting/ProLinkerTesting/test/pageobjects/page.ts:271:9)
    at async OverviewPage.editOtherDetails (/home/runner/work/ProLinkerTesting/ProLinkerTesting/test/pageobjects/account/myProfile/overview.page.ts:596:13)
    at async OverviewPage.saveOtherDetails (/home/runner/work/ProLinkerTesting/ProLinkerTesting/test/pageobjects/account/myProfile/overview.page.ts:345:28)
successfully deleted ./screenshots/screenshotgNBmxHL.png
Error: element ("input[name="chamberOfCommerce"]") still not existing after 10000ms
    at /home/runner/work/ProLinkerTesting/ProLinkerTesting/node_modules/@wdio/runner/node_modules/webdriverio/build/commands/browser/waitUntil.js:66:23
    at async Element.wrapCommandFn (/home/runner/work/ProLinkerTesting/ProLinkerTesting/node_modules/@wdio/utils/build/shim.js:137:29)
    at async Element.elementErrorHandlerCallbackFn (/home/runner/work/ProLinkerTesting/ProLinkerTesting/node_modules/@wdio/runner/node_modules/webdriverio/build/middlewares.js:24:32)
    at async Element.wrapCommandFn (/home/runner/work/ProLinkerTesting/ProLinkerTesting/node_modules/@wdio/utils/build/shim.js:137:29)
    at async Element.wrapCommandFn (/home/runner/work/ProLinkerTesting/ProLinkerTesting/node_modules/@wdio/utils/build/shim.js:137:29)
    at async Element.elementErrorHandlerCallbackFn (/home/runner/work/ProLinkerTesting/ProLinkerTesting/node_modules/@wdio/runner/node_modules/webdriverio/build/middlewares.js:24:32)
    at async Element.wrapCommandFn (/home/runner/work/ProLinkerTesting/ProLinkerTesting/node_modules/@wdio/utils/build/shim.js:137:29)
    at async OverviewPage.setValue (/home/runner/work/ProLinkerTesting/ProLinkerTesting/test/pageobjects/page.ts:271:9)
    at async OverviewPage.editOtherDetails (/home/runner/work/ProLinkerTesting/ProLinkerTesting/test/pageobjects/account/myProfile/overview.page.ts:596:13)
    at async OverviewPage.saveOtherDetails (/home/runner/work/ProLinkerTesting/ProLinkerTesting/test/pageobjects/account/myProfile/overview.page.ts:345:28)
Generated user data :>>  {
  sector: { number: 3 },
  companyName: 'Company oWyTfdKG',
  firstName: 'AQA-CI-jhgMN-661-U-Free-MpzEY',
  lastName: '85382',
  email: 'AQA-CI-jhgMN-661-U-Free-MpzEY@test.com',
  phoneNumber: '+380 96 675 2380',
  pwd: 'AQA-CI-jhgMN-661-U-Free-MpzEY',
  repeatPwd: 'AQA-CI-jhgMN-661-U-Free-MpzEY',
  terms: true
}
â†“-----------------------SET AUTOMATED TESTING CHANNELS-----------------------â†“
Status :>> 200
Data :>> true
â†‘-----------------------SET AUTOMATED TESTING CHANNELS-----------------------â†‘


Created user :>>  {
  sector: {
    dataIdList: [ 9, 3, 7 ],
    textList: [
      'Marketing and communication',
      'Software and systems',
      'Text and translation'
    ],
    fullText: 'Marketing and communication, Software and systems, Text and translation'
  },
  companyName: undefined,
  firstName: 'AQA-CI-jhgMN-661-U-Free-MpzEY',
  lastName: '85382',
  fullName: 'AQA-CI-jhgMN-661-U-Free-MpzEY 85382',
  email: 'AQA-CI-jhgMN-661-U-Free-MpzEY@test.com',
  phoneNumber: '+380 96 675 2380',
  pwd: 'AQA-CI-jhgMN-661-U-Free-MpzEY',
  repeatPwd: 'AQA-CI-jhgMN-661-U-Free-MpzEY',
  terms: true
}
Create profile :>>  {
  country: 'Netherlands',
  zipCode: '1011',
  city: 'Amsterdam',
  website: undefined,
  picture: 'TestUser.jpg',
  description: "Lorem Ipsum is simply dummy text of the printing and typesetting industry. Lorem Ipsum has been the industry's standard dummy text ever since the 1500s, when an unknown printer took a galley of type and scrambled it to make a type specimen book. It has survived not only five centuries, but also the leap into electronic typesetting, remaining essentially unchanged. It was popularised in the 1960s with the release of Letraset sheets containing Lorem Ipsum passages, and more recently with desktop publishing software like Aldus PageMaker including versions of Lorem Ipsum."
}

Fill other details :>>  {
  sectorFieldsNumber: undefined,
  sectorsOptionIndexList: undefined,
  sectorsTextList: [],
  sectorsText: undefined,
  fieldOfWork: undefined,
  twitterUrl: undefined,
  linkedinUrl: undefined,
  hourlyRateCurrency: undefined,
  hourlyRate: undefined,
  availableIndex: undefined,
  available: undefined,
  availableFrom: undefined,
  hoursAvailable: undefined,
  yearsExperience: undefined,
  website: undefined,
  chamberOfCommerce: 'BiFij',
  VAT: 'DE145803752',
  skills: undefined
}
successfully deleted ./screenshots/screenshotGCMMWPG.png
JestAssertionError: Expect $(`.alert.success`) to be displayed

Expected: [32m"displayed"[39m
Received: [31m"[7mnot [27mdisplayed"[39m
    at OverviewPage.saveOtherDetails (/home/runner/work/ProLinkerTesting/ProLinkerTesting/test/pageobjects/account/myProfile/overview.page.ts:367:65)
    at processTicksAndRejections (node:internal/process/task_queues:96:5)
    at async OverviewPage.editVatAndChamberOfCommerce (/home/runner/work/ProLinkerTesting/ProLinkerTesting/test/pageobjects/account/myProfile/overview.page.ts:675:17)
    at async /home/runner/work/ProLinkerTesting/ProLinkerTesting/test/specs/FNN-700.other/FNN-PRO-661.sendInterest.spec.ts:62:13
    at async Browser.<anonymous> (/home/runner/work/ProLinkerTesting/ProLinkerTesting/test/wdio.conf.ts:328:17)
    at async Browser.wrapCommandFn (/home/runner/work/ProLinkerTesting/ProLinkerTesting/node_modules/@wdio/utils/build/shim.js:137:29) {
  matcherResult: {
    pass: false,
    message: 'Expect $(`.alert.success`) to be displayed\n' +
      '\n' +
      'Expected: \x1B[32m"displayed"\x1B[39m\n' +
      'Received: \x1B[31m"\x1B[7mnot \x1B[27mdisplayed"\x1B[39m'
  }
}

Fill other details :>>  {
  sectorFieldsNumber: undefined,
  sectorsOptionIndexList: undefined,
  sectorsTextList: [],
  sectorsText: undefined,
  fieldOfWork: undefined,
  twitterUrl: undefined,
  linkedinUrl: undefined,
  hourlyRateCurrency: undefined,
  hourlyRate: undefined,
  availableIndex: undefined,
  available: undefined,
  availableFrom: undefined,
  hoursAvailable: undefined,
  yearsExperience: undefined,
  website: undefined,
  chamberOfCommerce: 'rYHZu',
  VAT: 'DE145803752',
  skills: undefined
}
successfully deleted ./screenshots/screenshotuWRYngK.png
JestAssertionError: Expect $(`.alert.success`) to be displayed

Expected: [32m"displayed"[39m
Received: [31m"[7mnot [27mdisplayed"[39m
    at OverviewPage.saveOtherDetails (/home/runner/work/ProLinkerTesting/ProLinkerTesting/test/pageobjects/account/myProfile/overview.page.ts:367:65)
    at processTicksAndRejections (node:internal/process/task_queues:96:5)
    at async OverviewPage.editVatAndChamberOfCommerce (/home/runner/work/ProLinkerTesting/ProLinkerTesting/test/pageobjects/account/myProfile/overview.page.ts:675:17)
    at async /home/runner/work/ProLinkerTesting/ProLinkerTesting/test/specs/FNN-700.other/FNN-PRO-661.sendInterest.spec.ts:62:13
    at async Browser.<anonymous> (/home/runner/work/ProLinkerTesting/ProLinkerTesting/test/wdio.conf.ts:328:17)
    at async Browser.wrapCommandFn (/home/runner/work/ProLinkerTesting/ProLinkerTesting/node_modules/@wdio/utils/build/shim.js:137:29) {
  matcherResult: {
    pass: false,
    message: 'Expect $(`.alert.success`) to be displayed\n' +
      '\n' +
      'Expected: \x1B[32m"displayed"\x1B[39m\n' +
      'Received: \x1B[31m"\x1B[7mnot \x1B[27mdisplayed"\x1B[39m'
  }
}

Fill other details :>>  {
  sectorFieldsNumber: undefined,
  sectorsOptionIndexList: undefined,
  sectorsTextList: [],
  sectorsText: undefined,
  fieldOfWork: undefined,
  twitterUrl: undefined,
  linkedinUrl: undefined,
  hourlyRateCurrency: undefined,
  hourlyRate: undefined,
  availableIndex: undefined,
  available: undefined,
  availableFrom: undefined,
  hoursAvailable: undefined,
  yearsExperience: undefined,
  website: undefined,
  chamberOfCommerce: 'SWHsP',
  VAT: 'DE145803752',
  skills: undefined
}
successfully deleted ./screenshots/screenshotiOSQiYx.png
JestAssertionError: Expect $(`.alert.success`) to be displayed

Expected: [32m"displayed"[39m
Received: [31m"[7mnot [27mdisplayed"[39m
    at OverviewPage.saveOtherDetails (/home/runner/work/ProLinkerTesting/ProLinkerTesting/test/pageobjects/account/myProfile/overview.page.ts:367:65)
    at processTicksAndRejections (node:internal/process/task_queues:96:5)
    at async OverviewPage.editVatAndChamberOfCommerce (/home/runner/work/ProLinkerTesting/ProLinkerTesting/test/pageobjects/account/myProfile/overview.page.ts:675:17)
    at async /home/runner/work/ProLinkerTesting/ProLinkerTesting/test/specs/FNN-700.other/FNN-PRO-661.sendInterest.spec.ts:62:13
    at async Browser.<anonymous> (/home/runner/work/ProLinkerTesting/ProLinkerTesting/test/wdio.conf.ts:328:17)
    at async Browser.wrapCommandFn (/home/runner/work/ProLinkerTesting/ProLinkerTesting/node_modules/@wdio/utils/build/shim.js:137:29) {
  matcherResult: {
    pass: false,
    message: 'Expect $(`.alert.success`) to be displayed\n' +
      '\n' +
      'Expected: \x1B[32m"displayed"\x1B[39m\n' +
      'Received: \x1B[31m"\x1B[7mnot \x1B[27mdisplayed"\x1B[39m'
  }
}

Fill other details :>>  {
  sectorFieldsNumber: undefined,
  sectorsOptionIndexList: undefined,
  sectorsTextList: [],
  sectorsText: undefined,
  fieldOfWork: undefined,
  twitterUrl: undefined,
  linkedinUrl: undefined,
  hourlyRateCurrency: undefined,
  hourlyRate: undefined,
  availableIndex: undefined,
  available: undefined,
  availableFrom: undefined,
  hoursAvailable: undefined,
  yearsExperience: undefined,
  website: undefined,
  chamberOfCommerce: 'sDjGP',
  VAT: 'DE145803752',
  skills: undefined
}
successfully deleted ./screenshots/screenshotWFUOKvr.png
JestAssertionError: Expect $(`.alert.success`) to be displayed

Expected: [32m"displayed"[39m
Received: [31m"[7mnot [27mdisplayed"[39m
    at OverviewPage.saveOtherDetails (/home/runner/work/ProLinkerTesting/ProLinkerTesting/test/pageobjects/account/myProfile/overview.page.ts:367:65)
    at processTicksAndRejections (node:internal/process/task_queues:96:5)
    at async OverviewPage.editVatAndChamberOfCommerce (/home/runner/work/ProLinkerTesting/ProLinkerTesting/test/pageobjects/account/myProfile/overview.page.ts:675:17)
    at async /home/runner/work/ProLinkerTesting/ProLinkerTesting/test/specs/FNN-700.other/FNN-PRO-661.sendInterest.spec.ts:62:13
    at async Browser.<anonymous> (/home/runner/work/ProLinkerTesting/ProLinkerTesting/test/wdio.conf.ts:328:17)
    at async Browser.wrapCommandFn (/home/runner/work/ProLinkerTesting/ProLinkerTesting/node_modules/@wdio/utils/build/shim.js:137:29) {
  matcherResult: {
    pass: false,
    message: 'Expect $(`.alert.success`) to be displayed\n' +
      '\n' +
      'Expected: \x1B[32m"displayed"\x1B[39m\n' +
      'Received: \x1B[31m"\x1B[7mnot \x1B[27mdisplayed"\x1B[39m'
  }
}

Fill other details :>>  {
  sectorFieldsNumber: undefined,
  sectorsOptionIndexList: undefined,
  sectorsTextList: [],
  sectorsText: undefined,
  fieldOfWork: undefined,
  twitterUrl: undefined,
  linkedinUrl: undefined,
  hourlyRateCurrency: undefined,
  hourlyRate: undefined,
  availableIndex: undefined,
  available: undefined,
  availableFrom: undefined,
  hoursAvailable: undefined,
  yearsExperience: undefined,
  website: undefined,
  chamberOfCommerce: 'fNHei',
  VAT: 'DE145803752',
  skills: undefined
}
successfully deleted ./screenshots/screenshotLECukkx.png
JestAssertionError: Expect $(`.alert.success`) to be displayed

Expected: [32m"displayed"[39m
Received: [31m"[7mnot [27mdisplayed"[39m
    at OverviewPage.saveOtherDetails (/home/runner/work/ProLinkerTesting/ProLinkerTesting/test/pageobjects/account/myProfile/overview.page.ts:367:65)
    at processTicksAndRejections (node:internal/process/task_queues:96:5)
    at async OverviewPage.editVatAndChamberOfCommerce (/home/runner/work/ProLinkerTesting/ProLinkerTesting/test/pageobjects/account/myProfile/overview.page.ts:675:17)
    at async /home/runner/work/ProLinkerTesting/ProLinkerTesting/test/specs/FNN-700.other/FNN-PRO-661.sendInterest.spec.ts:62:13
    at async Browser.<anonymous> (/home/runner/work/ProLinkerTesting/ProLinkerTesting/test/wdio.conf.ts:328:17)
    at async Browser.wrapCommandFn (/home/runner/work/ProLinkerTesting/ProLinkerTesting/node_modules/@wdio/utils/build/shim.js:137:29) {
  matcherResult: {
    pass: false,
    message: 'Expect $(`.alert.success`) to be displayed\n' +
      '\n' +
      'Expected: \x1B[32m"displayed"\x1B[39m\n' +
      'Received: \x1B[31m"\x1B[7mnot \x1B[27mdisplayed"\x1B[39m'
  }
}

Action with project :>> 
| project: AQA-CI-jhgMN-661-P-MpzEY
| action: approve

Action with project :>> 
| project: AQA-CI-jhgMN-661-P-MpzEY
| action: edit
projectID :>>  018e0cec32c571b9b2ddd3dba7444efe
</pre>